0 info it worked if it ends with ok
1 verbose cli [ 'C:\\Program Files\\nodejs\\node.exe',
1 verbose cli   'C:\\Program Files\\nodejs\\node_modules\\npm\\bin\\npm-cli.js',
1 verbose cli   'run',
1 verbose cli   'gulp-css' ]
2 info using npm@3.10.10
3 info using node@v6.11.0
4 verbose run-script [ 'pregulp-css', 'gulp-css', 'postgulp-css' ]
5 info lifecycle gulp_test@1.0.0~pregulp-css: gulp_test@1.0.0
6 silly lifecycle gulp_test@1.0.0~pregulp-css: no script for pregulp-css, continuing
7 info lifecycle gulp_test@1.0.0~gulp-css: gulp_test@1.0.0
8 verbose lifecycle gulp_test@1.0.0~gulp-css: unsafe-perm in lifecycle true
9 verbose lifecycle gulp_test@1.0.0~gulp-css: PATH: C:\Program Files\nodejs\node_modules\npm\bin\node-gyp-bin;C:\Users\1110020\Downloads\gulp_test\node_modules\.bin;C:\Program Files (x86)\Common Files\Intel\Shared Libraries\redist\intel64\compiler;C:\Program Files\Microsoft MPI\Bin\;C:\Windows\system32;C:\Windows;C:\Windows\System32\Wbem;C:\Windows\System32\WindowsPowerShell\v1.0\;C:\Program Files (x86)\NVIDIA Corporation\PhysX\Common;C:\Program Files\Common Files\Autodesk Shared\;C:\Program Files\PuTTY\;C:\Program Files (x86)\QuickTime\QTSystem\;C:\Program Files (x86)\Brackets\command;C:\Program Files\nodejs\;C:\Program Files\Microsoft SQL Server\Client SDK\ODBC\110\Tools\Binn\;C:\Program Files (x86)\Microsoft SQL Server\120\Tools\Binn\;C:\Program Files\Microsoft SQL Server\120\Tools\Binn\;C:\Program Files\Microsoft SQL Server\120\DTS\Binn\;C:\Program Files (x86)\Windows Kits\8.1\Windows Performance Toolkit\;C:\Program Files (x86)\Autodesk\Backburner\;C:\Program Files\MongoDB\Server\3.4\bin;C:\Program Files\Microsoft SQL Server\130\Tools\Binn\;C:\Program Files\dotnet\;C:\Program Files\Anaconda3;C:\Program Files\Anaconda3\Scripts;C:\Program Files\Anaconda3\Library\bin;C:\Program Files\Git\cmd;C:\Program Files (x86)\Yarn\bin
10 verbose lifecycle gulp_test@1.0.0~gulp-css: CWD: C:\Users\1110020\Downloads\gulp_test
11 silly lifecycle gulp_test@1.0.0~gulp-css: Args: [ '/d /s /c', 'css' ]
12 silly lifecycle gulp_test@1.0.0~gulp-css: Returned: code: 1  signal: null
13 info lifecycle gulp_test@1.0.0~gulp-css: Failed to exec gulp-css script
14 verbose stack Error: gulp_test@1.0.0 gulp-css: `css`
14 verbose stack Exit status 1
14 verbose stack     at EventEmitter.<anonymous> (C:\Program Files\nodejs\node_modules\npm\lib\utils\lifecycle.js:255:16)
14 verbose stack     at emitTwo (events.js:106:13)
14 verbose stack     at EventEmitter.emit (events.js:191:7)
14 verbose stack     at ChildProcess.<anonymous> (C:\Program Files\nodejs\node_modules\npm\lib\utils\spawn.js:40:14)
14 verbose stack     at emitTwo (events.js:106:13)
14 verbose stack     at ChildProcess.emit (events.js:191:7)
14 verbose stack     at maybeClose (internal/child_process.js:891:16)
14 verbose stack     at Process.ChildProcess._handle.onexit (internal/child_process.js:226:5)
15 verbose pkgid gulp_test@1.0.0
16 verbose cwd C:\Users\1110020\Downloads\gulp_test
17 error Windows_NT 6.1.7601
18 error argv "C:\\Program Files\\nodejs\\node.exe" "C:\\Program Files\\nodejs\\node_modules\\npm\\bin\\npm-cli.js" "run" "gulp-css"
19 error node v6.11.0
20 error npm  v3.10.10
21 error code ELIFECYCLE
22 error gulp_test@1.0.0 gulp-css: `css`
22 error Exit status 1
23 error Failed at the gulp_test@1.0.0 gulp-css script 'css'.
23 error Make sure you have the latest version of node.js and npm installed.
23 error If you do, this is most likely a problem with the gulp_test package,
23 error not with npm itself.
23 error Tell the author that this fails on your system:
23 error     css
23 error You can get information on how to open an issue for this project with:
23 error     npm bugs gulp_test
23 error Or if that isn't available, you can get their info via:
23 error     npm owner ls gulp_test
23 error There is likely additional logging output above.
24 verbose exit [ 1, true ]
